[2021-04-18 11:44:01] production.ERROR: Target class [config] does not exist. {"exception":"[object] (Illuminate\\Contracts\\Container\\BindingResolutionException(code: 0): Target class [config] does not exist. at C:\\bootcamp-fsd\\laravel\\laravel-chat-crud\\vendor\\laravel\\framework\\src\\Illuminate\\Container\\Container.php:835)
[stacktrace]
#0 C:\\bootcamp-fsd\\laravel\\laravel-chat-crud\\vendor\\laravel\\framework\\src\\Illuminate\\Container\\Container.php(714): Illuminate\\Container\\Container->build('config')
#1 C:\\bootcamp-fsd\\laravel\\laravel-chat-crud\\vendor\\laravel\\framework\\src\\Illuminate\\Foundation\\Application.php(841): Illuminate\\Container\\Container->resolve('config', Array, true)
#2 C:\\bootcamp-fsd\\laravel\\laravel-chat-crud\\vendor\\laravel\\framework\\src\\Illuminate\\Container\\Container.php(652): Illuminate\\Foundation\\Application->resolve('config', Array)
#3 C:\\bootcamp-fsd\\laravel\\laravel-chat-crud\\vendor\\laravel\\framework\\src\\Illuminate\\Foundation\\Application.php(826): Illuminate\\Container\\Container->make('config', Array)
#4 C:\\bootcamp-fsd\\laravel\\laravel-chat-crud\\vendor\\laravel\\framework\\src\\Illuminate\\Foundation\\helpers.php(119): Illuminate\\Foundation\\Application->make('config', Array)
#5 C:\\bootcamp-fsd\\laravel\\laravel-chat-crud\\vendor\\laravel\\framework\\src\\Illuminate\\Foundation\\helpers.php(275): app('config')
#6 C:\\bootcamp-fsd\\laravel\\laravel-chat-crud\\vendor\\facade\\ignition\\src\\IgnitionServiceProvider.php(122): config('flare.reporting...')
#7 C:\\bootcamp-fsd\\laravel\\laravel-chat-crud\\vendor\\laravel\\framework\\src\\Illuminate\\Foundation\\Application.php(672): Facade\\Ignition\\IgnitionServiceProvider->register()
#8 C:\\bootcamp-fsd\\laravel\\laravel-chat-crud\\vendor\\laravel\\framework\\src\\Illuminate\\Foundation\\ProviderRepository.php(75): Illuminate\\Foundation\\Application->register(Object(Facade\\Ignition\\IgnitionServiceProvider))
#9 C:\\bootcamp-fsd\\laravel\\laravel-chat-crud\\vendor\\laravel\\framework\\src\\Illuminate\\Foundation\\Application.php(649): Illuminate\\Foundation\\ProviderRepository->load(Array)
#10 C:\\bootcamp-fsd\\laravel\\laravel-chat-crud\\vendor\\laravel\\framework\\src\\Illuminate\\Foundation\\Bootstrap\\RegisterProviders.php(17): Illuminate\\Foundation\\Application->registerConfiguredProviders()
#11 C:\\bootcamp-fsd\\laravel\\laravel-chat-crud\\vendor\\laravel\\framework\\src\\Illuminate\\Foundation\\Application.php(237): Illuminate\\Foundation\\Bootstrap\\RegisterProviders->bootstrap(Object(Illuminate\\Foundation\\Application))
#12 C:\\bootcamp-fsd\\laravel\\laravel-chat-crud\\vendor\\laravel\\framework\\src\\Illuminate\\Foundation\\Console\\Kernel.php(310): Illuminate\\Foundation\\Application->bootstrapWith(Array)
#13 C:\\bootcamp-fsd\\laravel\\laravel-chat-crud\\vendor\\laravel\\framework\\src\\Illuminate\\Foundation\\Console\\Kernel.php(127): Illuminate\\Foundation\\Console\\Kernel->bootstrap()
#14 C:\\bootcamp-fsd\\laravel\\laravel-chat-crud\\artisan(37): Illuminate\\Foundation\\Console\\Kernel->handle(Object(Symfony\\Component\\Console\\Input\\ArgvInput), Object(Symfony\\Component\\Console\\Output\\ConsoleOutput))
#15 {main}

[previous exception] [object] (ReflectionException(code: -1): Class \"config\" does not exist at C:\\bootcamp-fsd\\laravel\\laravel-chat-crud\\vendor\\laravel\\framework\\src\\Illuminate\\Container\\Container.php:833)
[stacktrace]
#0 C:\\bootcamp-fsd\\laravel\\laravel-chat-crud\\vendor\\laravel\\framework\\src\\Illuminate\\Container\\Container.php(833): ReflectionClass->__construct('config')
#1 C:\\bootcamp-fsd\\laravel\\laravel-chat-crud\\vendor\\laravel\\framework\\src\\Illuminate\\Container\\Container.php(714): Illuminate\\Container\\Container->build('config')
#2 C:\\bootcamp-fsd\\laravel\\laravel-chat-crud\\vendor\\laravel\\framework\\src\\Illuminate\\Foundation\\Application.php(841): Illuminate\\Container\\Container->resolve('config', Array, true)
#3 C:\\bootcamp-fsd\\laravel\\laravel-chat-crud\\vendor\\laravel\\framework\\src\\Illuminate\\Container\\Container.php(652): Illuminate\\Foundation\\Application->resolve('config', Array)
#4 C:\\bootcamp-fsd\\laravel\\laravel-chat-crud\\vendor\\laravel\\framework\\src\\Illuminate\\Foundation\\Application.php(826): Illuminate\\Container\\Container->make('config', Array)
#5 C:\\bootcamp-fsd\\laravel\\laravel-chat-crud\\vendor\\laravel\\framework\\src\\Illuminate\\Foundation\\helpers.php(119): Illuminate\\Foundation\\Application->make('config', Array)
#6 C:\\bootcamp-fsd\\laravel\\laravel-chat-crud\\vendor\\laravel\\framework\\src\\Illuminate\\Foundation\\helpers.php(275): app('config')
#7 C:\\bootcamp-fsd\\laravel\\laravel-chat-crud\\vendor\\facade\\ignition\\src\\IgnitionServiceProvider.php(122): config('flare.reporting...')
#8 C:\\bootcamp-fsd\\laravel\\laravel-chat-crud\\vendor\\laravel\\framework\\src\\Illuminate\\Foundation\\Application.php(672): Facade\\Ignition\\IgnitionServiceProvider->register()
#9 C:\\bootcamp-fsd\\laravel\\laravel-chat-crud\\vendor\\laravel\\framework\\src\\Illuminate\\Foundation\\ProviderRepository.php(75): Illuminate\\Foundation\\Application->register(Object(Facade\\Ignition\\IgnitionServiceProvider))
#10 C:\\bootcamp-fsd\\laravel\\laravel-chat-crud\\vendor\\laravel\\framework\\src\\Illuminate\\Foundation\\Application.php(649): Illuminate\\Foundation\\ProviderRepository->load(Array)
#11 C:\\bootcamp-fsd\\laravel\\laravel-chat-crud\\vendor\\laravel\\framework\\src\\Illuminate\\Foundation\\Bootstrap\\RegisterProviders.php(17): Illuminate\\Foundation\\Application->registerConfiguredProviders()
#12 C:\\bootcamp-fsd\\laravel\\laravel-chat-crud\\vendor\\laravel\\framework\\src\\Illuminate\\Foundation\\Application.php(237): Illuminate\\Foundation\\Bootstrap\\RegisterProviders->bootstrap(Object(Illuminate\\Foundation\\Application))
#13 C:\\bootcamp-fsd\\laravel\\laravel-chat-crud\\vendor\\laravel\\framework\\src\\Illuminate\\Foundation\\Console\\Kernel.php(310): Illuminate\\Foundation\\Application->bootstrapWith(Array)
#14 C:\\bootcamp-fsd\\laravel\\laravel-chat-crud\\vendor\\laravel\\framework\\src\\Illuminate\\Foundation\\Console\\Kernel.php(127): Illuminate\\Foundation\\Console\\Kernel->bootstrap()
#15 C:\\bootcamp-fsd\\laravel\\laravel-chat-crud\\artisan(37): Illuminate\\Foundation\\Console\\Kernel->handle(Object(Symfony\\Component\\Console\\Input\\ArgvInput), Object(Symfony\\Component\\Console\\Output\\ConsoleOutput))
#16 {main}
"} 
[2021-04-18 11:47:27] production.ERROR: Target class [config] does not exist. {"exception":"[object] (Illuminate\\Contracts\\Container\\BindingResolutionException(code: 0): Target class [config] does not exist. at C:\\bootcamp-fsd\\laravel\\laravel-chat-crud\\vendor\\laravel\\framework\\src\\Illuminate\\Container\\Container.php:835)
[stacktrace]
#0 C:\\bootcamp-fsd\\laravel\\laravel-chat-crud\\vendor\\laravel\\framework\\src\\Illuminate\\Container\\Container.php(714): Illuminate\\Container\\Container->build('config')
#1 C:\\bootcamp-fsd\\laravel\\laravel-chat-crud\\vendor\\laravel\\framework\\src\\Illuminate\\Foundation\\Application.php(841): Illuminate\\Container\\Container->resolve('config', Array, true)
#2 C:\\bootcamp-fsd\\laravel\\laravel-chat-crud\\vendor\\laravel\\framework\\src\\Illuminate\\Container\\Container.php(652): Illuminate\\Foundation\\Application->resolve('config', Array)
#3 C:\\bootcamp-fsd\\laravel\\laravel-chat-crud\\vendor\\laravel\\framework\\src\\Illuminate\\Foundation\\Application.php(826): Illuminate\\Container\\Container->make('config', Array)
#4 C:\\bootcamp-fsd\\laravel\\laravel-chat-crud\\vendor\\laravel\\framework\\src\\Illuminate\\Foundation\\helpers.php(119): Illuminate\\Foundation\\Application->make('config', Array)
#5 C:\\bootcamp-fsd\\laravel\\laravel-chat-crud\\vendor\\laravel\\framework\\src\\Illuminate\\Foundation\\helpers.php(275): app('config')
#6 C:\\bootcamp-fsd\\laravel\\laravel-chat-crud\\vendor\\facade\\ignition\\src\\IgnitionServiceProvider.php(122): config('flare.reporting...')
#7 C:\\bootcamp-fsd\\laravel\\laravel-chat-crud\\vendor\\laravel\\framework\\src\\Illuminate\\Foundation\\Application.php(672): Facade\\Ignition\\IgnitionServiceProvider->register()
#8 C:\\bootcamp-fsd\\laravel\\laravel-chat-crud\\vendor\\laravel\\framework\\src\\Illuminate\\Foundation\\ProviderRepository.php(75): Illuminate\\Foundation\\Application->register(Object(Facade\\Ignition\\IgnitionServiceProvider))
#9 C:\\bootcamp-fsd\\laravel\\laravel-chat-crud\\vendor\\laravel\\framework\\src\\Illuminate\\Foundation\\Application.php(649): Illuminate\\Foundation\\ProviderRepository->load(Array)
#10 C:\\bootcamp-fsd\\laravel\\laravel-chat-crud\\vendor\\laravel\\framework\\src\\Illuminate\\Foundation\\Bootstrap\\RegisterProviders.php(17): Illuminate\\Foundation\\Application->registerConfiguredProviders()
#11 C:\\bootcamp-fsd\\laravel\\laravel-chat-crud\\vendor\\laravel\\framework\\src\\Illuminate\\Foundation\\Application.php(237): Illuminate\\Foundation\\Bootstrap\\RegisterProviders->bootstrap(Object(Illuminate\\Foundation\\Application))
#12 C:\\bootcamp-fsd\\laravel\\laravel-chat-crud\\vendor\\laravel\\framework\\src\\Illuminate\\Foundation\\Console\\Kernel.php(310): Illuminate\\Foundation\\Application->bootstrapWith(Array)
#13 C:\\bootcamp-fsd\\laravel\\laravel-chat-crud\\vendor\\laravel\\framework\\src\\Illuminate\\Foundation\\Console\\Kernel.php(127): Illuminate\\Foundation\\Console\\Kernel->bootstrap()
#14 C:\\bootcamp-fsd\\laravel\\laravel-chat-crud\\artisan(37): Illuminate\\Foundation\\Console\\Kernel->handle(Object(Symfony\\Component\\Console\\Input\\ArgvInput), Object(Symfony\\Component\\Console\\Output\\ConsoleOutput))
#15 {main}

[previous exception] [object] (ReflectionException(code: -1): Class \"config\" does not exist at C:\\bootcamp-fsd\\laravel\\laravel-chat-crud\\vendor\\laravel\\framework\\src\\Illuminate\\Container\\Container.php:833)
[stacktrace]
#0 C:\\bootcamp-fsd\\laravel\\laravel-chat-crud\\vendor\\laravel\\framework\\src\\Illuminate\\Container\\Container.php(833): ReflectionClass->__construct('config')
#1 C:\\bootcamp-fsd\\laravel\\laravel-chat-crud\\vendor\\laravel\\framework\\src\\Illuminate\\Container\\Container.php(714): Illuminate\\Container\\Container->build('config')
#2 C:\\bootcamp-fsd\\laravel\\laravel-chat-crud\\vendor\\laravel\\framework\\src\\Illuminate\\Foundation\\Application.php(841): Illuminate\\Container\\Container->resolve('config', Array, true)
#3 C:\\bootcamp-fsd\\laravel\\laravel-chat-crud\\vendor\\laravel\\framework\\src\\Illuminate\\Container\\Container.php(652): Illuminate\\Foundation\\Application->resolve('config', Array)
#4 C:\\bootcamp-fsd\\laravel\\laravel-chat-crud\\vendor\\laravel\\framework\\src\\Illuminate\\Foundation\\Application.php(826): Illuminate\\Container\\Container->make('config', Array)
#5 C:\\bootcamp-fsd\\laravel\\laravel-chat-crud\\vendor\\laravel\\framework\\src\\Illuminate\\Foundation\\helpers.php(119): Illuminate\\Foundation\\Application->make('config', Array)
#6 C:\\bootcamp-fsd\\laravel\\laravel-chat-crud\\vendor\\laravel\\framework\\src\\Illuminate\\Foundation\\helpers.php(275): app('config')
#7 C:\\bootcamp-fsd\\laravel\\laravel-chat-crud\\vendor\\facade\\ignition\\src\\IgnitionServiceProvider.php(122): config('flare.reporting...')
#8 C:\\bootcamp-fsd\\laravel\\laravel-chat-crud\\vendor\\laravel\\framework\\src\\Illuminate\\Foundation\\Application.php(672): Facade\\Ignition\\IgnitionServiceProvider->register()
#9 C:\\bootcamp-fsd\\laravel\\laravel-chat-crud\\vendor\\laravel\\framework\\src\\Illuminate\\Foundation\\ProviderRepository.php(75): Illuminate\\Foundation\\Application->register(Object(Facade\\Ignition\\IgnitionServiceProvider))
#10 C:\\bootcamp-fsd\\laravel\\laravel-chat-crud\\vendor\\laravel\\framework\\src\\Illuminate\\Foundation\\Application.php(649): Illuminate\\Foundation\\ProviderRepository->load(Array)
#11 C:\\bootcamp-fsd\\laravel\\laravel-chat-crud\\vendor\\laravel\\framework\\src\\Illuminate\\Foundation\\Bootstrap\\RegisterProviders.php(17): Illuminate\\Foundation\\Application->registerConfiguredProviders()
#12 C:\\bootcamp-fsd\\laravel\\laravel-chat-crud\\vendor\\laravel\\framework\\src\\Illuminate\\Foundation\\Application.php(237): Illuminate\\Foundation\\Bootstrap\\RegisterProviders->bootstrap(Object(Illuminate\\Foundation\\Application))
#13 C:\\bootcamp-fsd\\laravel\\laravel-chat-crud\\vendor\\laravel\\framework\\src\\Illuminate\\Foundation\\Console\\Kernel.php(310): Illuminate\\Foundation\\Application->bootstrapWith(Array)
#14 C:\\bootcamp-fsd\\laravel\\laravel-chat-crud\\vendor\\laravel\\framework\\src\\Illuminate\\Foundation\\Console\\Kernel.php(127): Illuminate\\Foundation\\Console\\Kernel->bootstrap()
#15 C:\\bootcamp-fsd\\laravel\\laravel-chat-crud\\artisan(37): Illuminate\\Foundation\\Console\\Kernel->handle(Object(Symfony\\Component\\Console\\Input\\ArgvInput), Object(Symfony\\Component\\Console\\Output\\ConsoleOutput))
#16 {main}
"} 
